<?xml version="1.0" encoding="UTF-8"?>
<!-- Generated by org.testng.reporters.JUnitReportReporter -->
<testsuite skipped="0" hostname="Saidineshs-MacBook-Pro.local" name="kubedemo.AppTest" tests="1" failures="0" timestamp="2023-11-30T15:19:49 IST" time="0.010" errors="0">
  <testcase name="shouldAnswerWithTrue" time="0.010" classname="kubedemo.AppTest"/>
  <system-out/>
</testsuite> <!-- kubedemo.AppTest -->
