<?xml version="1.0" encoding="UTF-8"?>
<!-- Generated by org.testng.reporters.JUnitReportReporter -->
<testsuite skipped="0" hostname="Saidineshs-MacBook-Pro.local" name="kubedemo.Googlepage" tests="4" failures="0" timestamp="2023-12-05T12:23:44 IST" time="36.074" errors="0">
  <testcase name="verifygooglepage" time="8.740" classname="kubedemo.Googlepage"/>
  <system-out/>
  <testcase name="verifygooglepage" time="10.173" classname="kubedemo.Googlepage"/>
  <system-out/>
  <testcase name="verifyfacebookpage" time="10.096" classname="kubedemo.Googlepage"/>
  <system-out/>
  <testcase name="verifyfacebookpage" time="7.065" classname="kubedemo.Googlepage"/>
  <system-out/>
</testsuite> <!-- kubedemo.Googlepage -->
