<?xml version="1.0" encoding="UTF-8"?>
<!-- Generated by org.testng.reporters.JUnitReportReporter -->
<testsuite hostname="Saidineshs-MacBook-Pro.local" failures="0" tests="4" name="kubedemo.Googlepage" time="38.035" errors="0" timestamp="2023-12-05T12:17:49 IST" skipped="0">
  <testcase classname="kubedemo.Googlepage" name="verifygooglepage" time="11.396"/>
  <system-out/>
  <testcase classname="kubedemo.Googlepage" name="verifygooglepage" time="10.330"/>
  <system-out/>
  <testcase classname="kubedemo.Googlepage" name="verifyfacebookpage" time="7.009"/>
  <system-out/>
  <testcase classname="kubedemo.Googlepage" name="verifyfacebookpage" time="9.300"/>
  <system-out/>
</testsuite> <!-- kubedemo.Googlepage -->
