<?xml version="1.0" encoding="UTF-8"?>
<!-- Generated by org.testng.reporters.JUnitReportReporter -->
<testsuite hostname="Saidineshs-MacBook-Pro.local" failures="0" tests="6" name="kubedemo.Googlepage" time="61.503" errors="0" timestamp="2023-12-08T12:55:30 IST" skipped="0">
  <testcase classname="kubedemo.Googlepage" name="verifygooglepage" time="9.745"/>
  <system-out/>
  <testcase classname="kubedemo.Googlepage" name="verifygooglepage" time="12.139"/>
  <system-out/>
  <testcase classname="kubedemo.Googlepage" name="verifygooglepage" time="9.700"/>
  <system-out/>
  <testcase classname="kubedemo.Googlepage" name="verifyfacebookpage" time="7.294"/>
  <system-out/>
  <testcase classname="kubedemo.Googlepage" name="verifyfacebookpage" time="12.991"/>
  <system-out/>
  <testcase classname="kubedemo.Googlepage" name="verifyfacebookpage" time="9.634"/>
  <system-out/>
</testsuite> <!-- kubedemo.Googlepage -->
