<?xml version="1.0" encoding="UTF-8"?>
<!-- Generated by org.testng.reporters.JUnitReportReporter -->
<testsuite hostname="Saidineshs-MacBook-Pro.local" failures="0" tests="6" name="kubedemo.Googlepage" time="113.974" errors="0" timestamp="2023-12-08T14:42:25 IST" skipped="0">
  <testcase classname="kubedemo.Googlepage" name="verifygooglepage" time="18.851"/>
  <system-out/>
  <testcase classname="kubedemo.Googlepage" name="verifygooglepage" time="19.188"/>
  <system-out/>
  <testcase classname="kubedemo.Googlepage" name="verifygooglepage" time="22.090"/>
  <system-out/>
  <testcase classname="kubedemo.Googlepage" name="verifyfacebookpage" time="18.183"/>
  <system-out/>
  <testcase classname="kubedemo.Googlepage" name="verifyfacebookpage" time="20.392"/>
  <system-out/>
  <testcase classname="kubedemo.Googlepage" name="verifyfacebookpage" time="15.270"/>
  <system-out/>
</testsuite> <!-- kubedemo.Googlepage -->
